<?xml version="1.0" encoding="UTF-8"?>
<!-- Generated by org.testng.reporters.JUnitReportReporter -->
<testsuite hostname="LAPTOP-QBTCVFMP" failures="0" tests="3" name="com.juaracoding.chart.TestSearch" time="48.552" errors="0" timestamp="2022-08-20T01:00:05 WIB" skipped="0">
  <testcase classname="com.juaracoding.chart.TestSearch" name="TestPembelian1" time="21.071"/>
  <system-out/>
  <testcase classname="com.juaracoding.chart.TestSearch" name="TestPembelian2" time="22.269"/>
  <system-out/>
  <testcase classname="com.juaracoding.chart.TestSearch" name="ShowCart" time="5.212"/>
  <system-out/>
</testsuite> <!-- com.juaracoding.chart.TestSearch -->
